2020-10-08 10:59:53 AM - SendQueProcessor-The requested resource is in use.
. SendQueCount=14
2020-10-09 7:36:23 AM - SendQueProcessor-Value cannot be null.
Parameter name: PortName. SendQueCount=1
2020-10-09 7:36:24 AM - SendQueProcessor-Value cannot be null.
Parameter name: PortName. SendQueCount=1
2020-10-09 7:36:26 AM - SendQueProcessor-Value cannot be null.
Parameter name: PortName. SendQueCount=1
2020-10-09 7:36:28 AM - SendQueProcessor-Value cannot be null.
Parameter name: PortName. SendQueCount=1
2020-10-09 7:36:30 AM - SendQueProcessor-Value cannot be null.
Parameter name: PortName. SendQueCount=1
2020-10-09 7:36:32 AM - SendQueProcessor-Value cannot be null.
Parameter name: PortName. SendQueCount=1
2020-10-09 7:36:34 AM - SendQueProcessor-Value cannot be null.
Parameter name: PortName. SendQueCount=1
2020-10-09 7:36:36 AM - SendQueProcessor-Value cannot be null.
Parameter name: PortName. SendQueCount=1
2020-10-09 7:36:38 AM - SendQueProcessor-Value cannot be null.
Parameter name: PortName. SendQueCount=1
2020-10-09 7:36:40 AM - SendQueProcessor-Value cannot be null.
Parameter name: PortName. SendQueCount=1
2020-10-09 7:36:42 AM - SendQueProcessor-Value cannot be null.
Parameter name: PortName. SendQueCount=1
2020-10-09 7:36:44 AM - SendQueProcessor-Value cannot be null.
Parameter name: PortName. SendQueCount=1
2020-10-09 7:36:46 AM - SendQueProcessor-Value cannot be null.
Parameter name: PortName. SendQueCount=1
2020-10-09 7:36:48 AM - SendQueProcessor-Value cannot be null.
Parameter name: PortName. SendQueCount=1
2020-10-09 7:36:50 AM - SendQueProcessor-Value cannot be null.
Parameter name: PortName. SendQueCount=1
2020-10-09 7:36:52 AM - SendQueProcessor-Value cannot be null.
Parameter name: PortName. SendQueCount=1
2020-10-09 7:36:54 AM - SendQueProcessor-Value cannot be null.
Parameter name: PortName. SendQueCount=1
2020-10-09 7:36:56 AM - SendQueProcessor-Value cannot be null.
Parameter name: PortName. SendQueCount=1
2020-10-09 7:36:58 AM - SendQueProcessor-Value cannot be null.
Parameter name: PortName. SendQueCount=1
2020-10-09 7:37:00 AM - SendQueProcessor-Value cannot be null.
Parameter name: PortName. SendQueCount=1
2020-10-09 7:37:02 AM - SendQueProcessor-Value cannot be null.
Parameter name: PortName. SendQueCount=1
2020-10-09 7:37:04 AM - SendQueProcessor-Value cannot be null.
Parameter name: PortName. SendQueCount=1
2020-10-09 7:37:06 AM - SendQueProcessor-Value cannot be null.
Parameter name: PortName. SendQueCount=1
2020-10-09 7:37:08 AM - SendQueProcessor-Value cannot be null.
Parameter name: PortName. SendQueCount=1
2020-10-09 7:37:10 AM - SendQueProcessor-Value cannot be null.
Parameter name: PortName. SendQueCount=1
2020-10-09 7:37:12 AM - SendQueProcessor-Value cannot be null.
Parameter name: PortName. SendQueCount=1
2020-10-09 7:38:44 AM - SendQueProcessor-Value cannot be null.
Parameter name: PortName. SendQueCount=1
2020-10-09 7:38:45 AM - SendQueProcessor-Value cannot be null.
Parameter name: PortName. SendQueCount=1
2020-10-09 7:38:47 AM - SendQueProcessor-Value cannot be null.
Parameter name: PortName. SendQueCount=1
2020-10-09 7:39:06 AM - SendQueProcessor-The PortName cannot be empty.
Parameter name: PortName. SendQueCount=1
2020-10-09 7:39:07 AM - SendQueProcessor-The PortName cannot be empty.
Parameter name: PortName. SendQueCount=1
2020-10-09 9:02:58 AM - SendQueProcessor-The PortName cannot be empty.
Parameter name: PortName. SendQueCount=1
2020-10-09 9:03:00 AM - SendQueProcessor-The PortName cannot be empty.
Parameter name: PortName. SendQueCount=1
2020-10-09 9:03:02 AM - SendQueProcessor-The PortName cannot be empty.
Parameter name: PortName. SendQueCount=1
